<?xml version="1.0" encoding="UTF-8"?>
<testng-results skipped="0" failed="0" total="1" passed="1">
  <reporter-output>
  </reporter-output>
  <suite name="Default suite" duration-ms="40096" started-at="2017-05-18T18:30:56Z" finished-at="2017-05-18T18:31:36Z">
    <groups>
    </groups>
    <test name="Default test" duration-ms="40096" started-at="2017-05-18T18:30:56Z" finished-at="2017-05-18T18:31:36Z">
      <class name="com.testCompanyName.cashkaro.testscripts.TC001_JoinFree">
        <test-method status="PASS" signature="setUp()[pri:0, instance:com.testCompanyName.cashkaro.testscripts.TC001_JoinFree@5cb137]" name="setUp" is-config="true" duration-ms="15693" started-at="2017-05-19T00:00:56Z" finished-at="2017-05-19T00:01:12Z">
          <reporter-output>
          </reporter-output>
        </test-method> <!-- setUp -->
        <test-method status="PASS" signature="testJoinFreeUsingButtonAtTop()[pri:0, instance:com.testCompanyName.cashkaro.testscripts.TC001_JoinFree@5cb137]" name="testJoinFreeUsingButtonAtTop" duration-ms="19505" started-at="2017-05-19T00:01:12Z" finished-at="2017-05-19T00:01:31Z">
          <reporter-output>
          </reporter-output>
        </test-method> <!-- testJoinFreeUsingButtonAtTop -->
        <test-method status="PASS" signature="quitBrowser()[pri:0, instance:com.testCompanyName.cashkaro.testscripts.TC001_JoinFree@5cb137]" name="quitBrowser" is-config="true" duration-ms="4785" started-at="2017-05-19T00:01:31Z" finished-at="2017-05-19T00:01:36Z">
          <reporter-output>
          </reporter-output>
        </test-method> <!-- quitBrowser -->
      </class> <!-- com.testCompanyName.cashkaro.testscripts.TC001_JoinFree -->
    </test> <!-- Default test -->
  </suite> <!-- Default suite -->
</testng-results>
